<?xml version="1.0" encoding="UTF-8"?>
<!-- Generated by org.testng.reporters.JUnitReportReporter -->
<testsuite skipped="0" hostname="IT09-100" name="testcase.verifyhomepage" tests="1" failures="0" timestamp="24 May 2017 08:57:11 GMT" time="2.034" errors="0">
  <testcase name="verify" time="2.034" classname="testcase.verifyhomepage"/>
</testsuite> <!-- testcase.verifyhomepage -->
