<?xml version="1.0" encoding="UTF-8"?>
<!-- Generated by org.testng.reporters.JUnitReportReporter -->
<testsuite skipped="0" hostname="IT09-100" name="testcase.Login" tests="3" failures="0" timestamp="24 May 2017 08:57:11 GMT" time="3.330" errors="0">
  <testcase name="login" time="0.743" classname="testcase.Login"/>
  <testcase name="passcredentials" time="1.649" classname="testcase.Login"/>
  <testcase name="logintoacc" time="0.938" classname="testcase.Login"/>
</testsuite> <!-- testcase.Login -->
